\BOOKMARK [0][]{chapter*.1}{\376\377\201\364\000\040\214\042}{}% 1
\BOOKMARK [0][]{section*.2}{\376\377\144\130\000\040\211\201}{}% 2
\BOOKMARK [0][]{section*.3}{\376\377\000A\000b\000s\000t\000r\000a\000c\000t}{}% 3
\BOOKMARK [0][]{chapter*.4}{\376\377\166\356\000\040\137\125}{}% 4
\BOOKMARK [0][]{chapter*.5}{\376\377\143\322\126\376\166\356\137\125}{}% 5
\BOOKMARK [0][]{chapter*.6}{\376\377\210\150\150\074\166\356\137\125}{}% 6
\BOOKMARK [0][]{chapter.1}{\376\377\0001\000\040\176\352\213\272}{}% 7
\BOOKMARK [1][]{section.1.1}{\376\377\0001\000.\0001\000\040\170\024\172\166\166\356\166\204}{chapter.1}% 8
\BOOKMARK [1][]{section.1.2}{\376\377\0001\000.\0002\000\040\147\054\145\207\166\204\215\041\163\056}{chapter.1}% 9
\BOOKMARK [1][]{section.1.3}{\376\377\0001\000.\0003\000\040\165\050\122\115\137\305\213\373}{chapter.1}% 10
\BOOKMARK [0][]{chapter.2}{\376\377\0002\000\040\121\163\116\216\147\054\152\041\147\177}{}% 11
\BOOKMARK [1][]{section.2.1}{\376\377\0002\000.\0001\000\040\217\157\116\366\133\211\210\305\116\016\221\115\177\156}{chapter.2}% 12
\BOOKMARK [2][-]{subsection.2.1.1}{\376\377\0002\000.\0001\000.\0001\000\040\000D\000e\000b\000i\000a\000n\174\373\176\337\166\204\133\211\210\305}{section.2.1}% 13
\BOOKMARK [2][-]{subsection.2.1.2}{\376\377\0002\000.\0001\000.\0002\000\040\000W\000i\000n\000d\000o\000w\000s\000\040\0007\174\373\176\337\166\204\133\211\210\305}{section.2.1}% 14
\BOOKMARK [2][-]{subsection.2.1.3}{\376\377\0002\000.\0001\000.\0003\000\040\133\127\117\123\116\016\217\157\116\366\221\115\177\156}{section.2.1}% 15
\BOOKMARK [0][]{chapter.3}{\376\377\0003\000\040\136\070\165\050\143\222\162\110\171\072\117\213\116\016\152\041\147\177\117\177\165\050\145\271\154\325}{}% 16
\BOOKMARK [1][]{section.3.1}{\376\377\0003\000.\0001\000\040\145\207\150\143\174\173\220\011\230\171\166\204\117\177\165\050}{chapter.3}% 17
\BOOKMARK [1][]{section.3.2}{\376\377\0003\000.\0002\000\040\143\322\126\376\171\072\117\213}{chapter.3}% 18
\BOOKMARK [2][-]{subsection.3.2.1}{\376\377\0003\000.\0002\000.\0001\000\040\123\125\126\376}{section.3.2}% 19
\BOOKMARK [2][-]{subsection.3.2.2}{\376\377\0003\000.\0002\000.\0002\000\040\133\120\126\376}{section.3.2}% 20
\BOOKMARK [2][-]{subsection.3.2.3}{\376\377\0003\000.\0002\000.\0003\000\040\136\166\122\027\126\376}{section.3.2}% 21
\BOOKMARK [2][-]{subsection.3.2.4}{\376\377\0003\000.\0002\000.\0004\000\040\123\125\230\165\126\376}{section.3.2}% 22
\BOOKMARK [1][]{section.3.3}{\376\377\0003\000.\0003\000\040\210\150\150\074\171\072\117\213}{chapter.3}% 23
\BOOKMARK [2][-]{subsection.3.3.1}{\376\377\0003\000.\0003\000.\0001\000\040\123\125\162\354\210\150}{section.3.3}% 24
\BOOKMARK [2][-]{subsection.3.3.2}{\376\377\0003\000.\0003\000.\0002\000\040\133\120\210\150}{section.3.3}% 25
\BOOKMARK [2][-]{subsection.3.3.3}{\376\377\0003\000.\0003\000.\0003\000\040\136\166\122\027\210\150}{section.3.3}% 26
\BOOKMARK [2][-]{subsection.3.3.4}{\376\377\0003\000.\0003\000.\0004\000\040\225\177\210\150\150\074}{section.3.3}% 27
\BOOKMARK [1][]{section.3.4}{\376\377\0003\000.\0004\000\040\145\207\133\127\131\047\134\017}{chapter.3}% 28
\BOOKMARK [1][]{section.3.5}{\376\377\0003\000.\0005\000\040\121\154\137\017\171\072\117\213}{chapter.3}% 29
\BOOKMARK [2][-]{subsection.3.5.1}{\376\377\0003\000.\0005\000.\0001\000\040\000L\000y\000X\116\055\121\154\137\017\166\204\146\076\171\072}{section.3.5}% 30
\BOOKMARK [2][-]{subsection.3.5.2}{\376\377\0003\000.\0005\000.\0002\000\040\121\154\137\017\166\204\137\125\121\145}{section.3.5}% 31
\BOOKMARK [1][]{section.3.6}{\376\377\0003\000.\0006\000\040\121\163\116\216\116\244\123\311\137\025\165\050}{chapter.3}% 32
\BOOKMARK [1][]{section.3.7}{\376\377\0003\000.\0007\000\040\123\302\200\003\145\207\163\056}{chapter.3}% 33
\BOOKMARK [2][-]{subsection.3.7.1}{\376\377\0003\000.\0007\000.\0001\000\040\123\302\200\003\145\207\163\056\147\141\166\356\166\204\145\345\136\070\176\364\142\244}{section.3.7}% 34
\BOOKMARK [2][-]{subsection.3.7.2}{\376\377\0003\000.\0007\000.\0002\000\040\123\357\220\011\142\351\166\204\117\356\145\071\145\271\137\017}{section.3.7}% 35
\BOOKMARK [2][-]{subsection.3.7.3}{\376\377\0003\000.\0007\000.\0003\000\040\176\323\124\010\000J\000a\000b\000r\000e\000f\166\204\117\177\165\050}{section.3.7}% 36
\BOOKMARK [2][-]{subsection.3.7.4}{\376\377\0003\000.\0007\000.\0004\000\040\116\012\150\007\137\142\137\017\166\204\123\302\200\003\145\207\163\056}{section.3.7}% 37
\BOOKMARK [2][-]{subsection.3.7.5}{\376\377\0003\000.\0007\000.\0005\000\040\210\114\145\207\116\055\166\204\123\302\200\003\145\207\163\056}{section.3.7}% 38
\BOOKMARK [1][]{section.3.8}{\376\377\0003\000.\0008\000\040\122\027\210\150\163\257\130\203}{chapter.3}% 39
\BOOKMARK [1][]{section.3.9}{\376\377\0003\000.\0009\000\040\147\057\213\355\210\150\060\001\226\104\137\125\116\016\175\042\137\025}{chapter.3}% 40
\BOOKMARK [2][-]{subsection.3.9.1}{\376\377\0003\000.\0009\000.\0001\000\040\147\057\213\355\210\150}{section.3.9}% 41
\BOOKMARK [2][-]{subsection.3.9.2}{\376\377\0003\000.\0009\000.\0002\000\040\226\104\137\125}{section.3.9}% 42
\BOOKMARK [2][-]{subsection.3.9.3}{\376\377\0003\000.\0009\000.\0003\000\040\175\042\137\025}{section.3.9}% 43
\BOOKMARK [1][]{section.3.10}{\376\377\0003\000.\0001\0000\000\040\173\046\123\367\217\223\121\145}{chapter.3}% 44
\BOOKMARK [1][]{section.3.11}{\376\377\0003\000.\0001\0001\000\040\210\114\145\207\136\372\213\256}{chapter.3}% 45
\BOOKMARK [1][]{section.3.12}{\376\377\0003\000.\0001\0002\000\040\145\207\150\143\217\223\121\372}{chapter.3}% 46
\BOOKMARK [1][]{section.3.13}{\376\377\0003\000.\0001\0003\000\040\213\272\145\207\142\123\123\160\154\350\141\017\116\213\230\171}{chapter.3}% 47
\BOOKMARK [1][]{section.3.14}{\376\377\0003\000.\0001\0004\000\040\116\015\117\177\165\050\000L\000y\000X\166\204\131\004\164\006}{chapter.3}% 48
\BOOKMARK [0][]{chapter.4}{\376\377\0004\000\040\116\055\126\375\171\321\133\146\226\142\170\024\172\166\165\037\226\142\170\024\172\166\165\037\133\146\117\115\213\272\145\207\144\260\121\231\211\304\133\232\000\040}{}% 49
\BOOKMARK [1][]{section.4.1}{\376\377\0004\000.\0001\000\040\133\146\117\115\213\272\145\207\166\204\116\000\202\054\211\201\154\102}{chapter.4}% 50
\BOOKMARK [1][]{section.4.2}{\376\377\0004\000.\0002\000\040\133\146\117\115\213\272\145\207\166\204\154\064\136\163\211\201\154\102}{chapter.4}% 51
\BOOKMARK [1][]{section.4.3}{\376\377\0004\000.\0003\000\040\144\260\121\231\133\146\117\115\213\272\145\207\166\204\213\355\212\000\123\312\145\207\133\127}{chapter.4}% 52
\BOOKMARK [1][]{section.4.4}{\376\377\0004\000.\0004\000\040\133\146\117\115\213\272\145\207\166\204\116\073\211\201\176\304\142\020\220\350\122\006}{chapter.4}% 53
\BOOKMARK [1][]{section.4.5}{\376\377\0004\000.\0005\000\040\133\146\117\115\213\272\145\207\123\160\122\067\123\312\210\305\213\242\211\201\154\102}{chapter.4}% 54
\BOOKMARK [1][]{section.4.6}{\376\377\0004\000.\0006\000\040\133\146\117\115\213\272\145\207\166\204\143\320\116\244\060\001\117\335\133\130\116\016\117\177\165\050}{chapter.4}% 55
\BOOKMARK [0][]{chapter.5}{\376\377\0005\000\040\170\024\172\166\165\037\133\146\117\115\213\272\145\207\121\231\117\134\211\304\203\003\377\010\213\250\213\272\172\077\377\011}{}% 56
\BOOKMARK [1][]{section.5.1}{\376\377\0005\000.\0001\000\040\133\146\117\115\213\272\145\207\127\372\147\054\176\323\147\204}{chapter.5}% 57
\BOOKMARK [1][]{section.5.2}{\376\377\0005\000.\0002\000\040\133\146\117\115\213\272\145\207\150\074\137\017\211\201\154\102}{chapter.5}% 58
\BOOKMARK [2][-]{subsection.5.2.1}{\376\377\0005\000.\0002\000.\0001\000\040\134\001\227\142}{section.5.2}% 59
\BOOKMARK [2][-]{subsection.5.2.2}{\376\377\0005\000.\0002\000.\0002\000\040\201\364\214\042}{section.5.2}% 60
\BOOKMARK [2][-]{subsection.5.2.3}{\376\377\0005\000.\0002\000.\0003\000\040\213\272\145\207\144\130\211\201}{section.5.2}% 61
\BOOKMARK [2][-]{subsection.5.2.4}{\376\377\0005\000.\0002\000.\0004\000\040\166\356\137\125}{section.5.2}% 62
\BOOKMARK [2][-]{subsection.5.2.5}{\376\377\0005\000.\0002\000.\0005\000\040\126\376\124\214\226\104\210\150\156\005\123\125}{section.5.2}% 63
\BOOKMARK [2][-]{subsection.5.2.6}{\376\377\0005\000.\0002\000.\0006\000\040\173\046\123\367\213\364\146\016}{section.5.2}% 64
\BOOKMARK [2][-]{subsection.5.2.7}{\376\377\0005\000.\0002\000.\0007\000\040\153\143\145\207}{section.5.2}% 65
\BOOKMARK [2][-]{subsection.5.2.8}{\376\377\0005\000.\0002\000.\0008\000\040\123\302\200\003\145\207\163\056}{section.5.2}% 66
\BOOKMARK [2][-]{subsection.5.2.9}{\376\377\0005\000.\0002\000.\0009\000\040\226\104\137\125}{section.5.2}% 67
\BOOKMARK [2][-]{subsection.5.2.10}{\376\377\0005\000.\0002\000.\0001\0000\000\040\117\134\200\005\173\200\123\206\123\312\127\050\133\146\147\037\225\364\123\321\210\150\166\204\133\146\147\057\213\272\145\207\116\016\170\024\172\166\142\020\147\234}{section.5.2}% 68
\BOOKMARK [1][]{section.5.3}{\376\377\0005\000.\0003\000\040\133\146\117\115\213\272\145\207\143\222\162\110\060\001\123\160\122\067\123\312\210\305\213\242\211\201\154\102}{chapter.5}% 69
\BOOKMARK [2][-]{subsection.5.3.1}{\376\377\0005\000.\0003\000.\0001\000\040\134\001\227\142}{section.5.3}% 70
\BOOKMARK [2][-]{subsection.5.3.2}{\376\377\0005\000.\0003\000.\0002\000\040\116\146\201\012}{section.5.3}% 71
\BOOKMARK [2][-]{subsection.5.3.3}{\376\377\0005\000.\0003\000.\0003\000\040\166\356\137\125}{section.5.3}% 72
\BOOKMARK [2][-]{subsection.5.3.4}{\376\377\0005\000.\0003\000.\0004\000\040\150\007\230\230}{section.5.3}% 73
\BOOKMARK [2][-]{subsection.5.3.5}{\376\377\0005\000.\0003\000.\0005\000\040\230\165\167\011\116\016\230\165\170\001}{section.5.3}% 74
\BOOKMARK [2][-]{subsection.5.3.6}{\376\377\0005\000.\0003\000.\0006\000\040\213\272\145\207\153\265\204\075\145\207\133\127\220\350\122\006}{section.5.3}% 75
\BOOKMARK [2][-]{subsection.5.3.7}{\376\377\0005\000.\0003\000.\0007\000\040\154\350\221\312}{section.5.3}% 76
\BOOKMARK [2][-]{subsection.5.3.8}{\376\377\0005\000.\0003\000.\0008\000\040\123\302\200\003\145\207\163\056}{section.5.3}% 77
\BOOKMARK [2][-]{subsection.5.3.9}{\376\377\0005\000.\0003\000.\0009\000\040\162\110\227\142\060\001\123\160\122\067\123\312\210\305\213\242\211\201\154\102}{section.5.3}% 78
\BOOKMARK [0][]{chapter*.18}{\376\377\123\302\200\003\145\207\163\056}{}% 79
\BOOKMARK [0][]{appendix.A}{\376\377\226\104\137\125\000\040\000A}{}% 80
\BOOKMARK [1][]{section.A.1}{\376\377\000A\000.\0001\000\040\127\372\147\054\211\201\154\102}{appendix.A}% 81
\BOOKMARK [2][-]{subsection.A.1.1}{\376\377\000A\000.\0001\000.\0001\000\040\170\125\130\353\133\146\117\115\213\272\145\207}{section.A.1}% 82
\BOOKMARK [2][-]{subsection.A.1.2}{\376\377\000A\000.\0001\000.\0002\000\040\123\132\130\353\133\146\117\115\213\272\145\207}{section.A.1}% 83
\BOOKMARK [1][]{section.A.2}{\376\377\000A\000.\0002\000\040\133\146\117\115\213\272\145\207\166\204\176\304\142\020\220\350\122\006\124\214\143\222\122\027\230\172\136\217}{appendix.A}% 84
\BOOKMARK [2][-]{subsection.A.2.1}{\376\377\000A\000.\0002\000.\0001\000\040\134\001\227\142}{section.A.2}% 85
\BOOKMARK [2][-]{subsection.A.2.2}{\376\377\000A\000.\0002\000.\0002\000\040\213\272\145\207\144\130\211\201}{section.A.2}% 86
\BOOKMARK [2][-]{subsection.A.2.3}{\376\377\000A\000.\0002\000.\0003\000\040\213\272\145\207\166\356\137\125}{section.A.2}% 87
\BOOKMARK [2][-]{subsection.A.2.4}{\376\377\000A\000.\0002\000.\0004\000\040\153\143\145\207}{section.A.2}% 88
\BOOKMARK [2][-]{subsection.A.2.5}{\376\377\000A\000.\0002\000.\0005\000\040\123\302\200\003\145\207\163\056}{section.A.2}% 89
\BOOKMARK [2][-]{subsection.A.2.6}{\376\377\000A\000.\0002\000.\0006\000\040\123\321\210\150\145\207\172\340\166\356\137\125}{section.A.2}% 90
\BOOKMARK [2][-]{subsection.A.2.7}{\376\377\000A\000.\0002\000.\0007\000\040\201\364\214\042}{section.A.2}% 91
\BOOKMARK [1][]{section.A.3}{\376\377\000A\000.\0003\000\040\133\146\117\115\213\272\145\207\166\204\116\146\121\231\060\001\210\305\213\242\211\201\154\102}{appendix.A}% 92
\BOOKMARK [0][]{section*.20}{\376\377\175\042\000\040\137\025}{}% 93
\BOOKMARK [0][]{appendix*.21}{\376\377\117\134\200\005\173\200\123\206\123\312\127\050\133\146\147\037\225\364\123\321\210\150\166\204\133\146\147\057\213\272\145\207\116\016\170\024\172\166\142\020\147\234}{}% 94
\BOOKMARK [0][]{appendix*.22}{\376\377\133\146\117\115\213\272\145\207\145\160\143\156\226\306}{}% 95
